2025/01/13 14:19:24 [emerg] 1#1: directive "location" has no opening "{" in /etc/nginx/conf.d/default.conf:15
2025/01/13 14:19:24 [emerg] 1#1: directive "location" has no opening "{" in /etc/nginx/conf.d/default.conf:15
2025/01/13 14:19:25 [emerg] 1#1: directive "location" has no opening "{" in /etc/nginx/conf.d/default.conf:15
2025/01/13 14:19:25 [emerg] 1#1: directive "location" has no opening "{" in /etc/nginx/conf.d/default.conf:15
2025/01/13 14:19:25 [emerg] 1#1: directive "location" has no opening "{" in /etc/nginx/conf.d/default.conf:15
2025/01/13 14:19:27 [emerg] 1#1: directive "location" has no opening "{" in /etc/nginx/conf.d/default.conf:15
2025/01/13 14:19:31 [emerg] 1#1: directive "location" has no opening "{" in /etc/nginx/conf.d/default.conf:15
2025/01/13 14:19:37 [emerg] 1#1: directive "location" has no opening "{" in /etc/nginx/conf.d/default.conf:15
2025/01/13 14:19:50 [emerg] 1#1: directive "location" has no opening "{" in /etc/nginx/conf.d/default.conf:15
2025/01/13 14:20:15 [emerg] 1#1: directive "location" has no opening "{" in /etc/nginx/conf.d/default.conf:15
2025/01/13 14:20:43 [emerg] 1#1: directive "location" has no opening "{" in /etc/nginx/conf.d/default.conf:15
2025/01/13 14:20:43 [emerg] 1#1: directive "location" has no opening "{" in /etc/nginx/conf.d/default.conf:15
2025/01/13 14:20:44 [emerg] 1#1: directive "location" has no opening "{" in /etc/nginx/conf.d/default.conf:15
2025/01/13 14:20:44 [emerg] 1#1: directive "location" has no opening "{" in /etc/nginx/conf.d/default.conf:15
2025/01/13 14:20:46 [emerg] 1#1: directive "location" has no opening "{" in /etc/nginx/conf.d/default.conf:15
2025/01/13 14:20:47 [emerg] 1#1: directive "location" has no opening "{" in /etc/nginx/conf.d/default.conf:15
2025/01/13 14:20:51 [emerg] 1#1: directive "location" has no opening "{" in /etc/nginx/conf.d/default.conf:15
2025/01/13 14:20:57 [emerg] 1#1: directive "location" has no opening "{" in /etc/nginx/conf.d/default.conf:15
2025/01/13 14:21:10 [emerg] 1#1: directive "location" has no opening "{" in /etc/nginx/conf.d/default.conf:15
2025/01/13 14:21:35 [emerg] 1#1: directive "location" has no opening "{" in /etc/nginx/conf.d/default.conf:15
2025/01/13 14:22:20 [emerg] 1#1: directive "location" has no opening "{" in /etc/nginx/conf.d/default.conf:15
2025/01/13 14:22:20 [emerg] 1#1: directive "location" has no opening "{" in /etc/nginx/conf.d/default.conf:15
2025/01/13 14:22:21 [emerg] 1#1: directive "location" has no opening "{" in /etc/nginx/conf.d/default.conf:15
2025/01/13 14:22:20 [emerg] 1#1: directive "location" has no opening "{" in /etc/nginx/conf.d/default.conf:15
2025/01/13 14:22:22 [emerg] 1#1: directive "location" has no opening "{" in /etc/nginx/conf.d/default.conf:15
2025/01/13 14:22:23 [emerg] 1#1: directive "location" has no opening "{" in /etc/nginx/conf.d/default.conf:15
2025/01/13 14:22:27 [emerg] 1#1: directive "location" has no opening "{" in /etc/nginx/conf.d/default.conf:15
2025/01/13 14:22:33 [emerg] 1#1: directive "location" has no opening "{" in /etc/nginx/conf.d/default.conf:15
2025/01/13 14:22:47 [emerg] 1#1: directive "location" has no opening "{" in /etc/nginx/conf.d/default.conf:15
2025/01/13 14:23:11 [emerg] 1#1: directive "location" has no opening "{" in /etc/nginx/conf.d/default.conf:15
2025/01/13 14:24:01 [emerg] 1#1: directive "location" has no opening "{" in /etc/nginx/conf.d/default.conf:15
2025/01/13 14:25:00 [emerg] 1#1: directive "location" has no opening "{" in /etc/nginx/conf.d/default.conf:15
2025/01/13 14:25:58 [emerg] 1#1: directive "location" has no opening "{" in /etc/nginx/conf.d/default.conf:15
2025/01/13 14:40:15 [emerg] 1#1: directive "location" has no opening "{" in /etc/nginx/conf.d/default.conf:15
2025/01/13 14:40:16 [emerg] 1#1: directive "location" has no opening "{" in /etc/nginx/conf.d/default.conf:15
2025/01/13 14:40:16 [emerg] 1#1: directive "location" has no opening "{" in /etc/nginx/conf.d/default.conf:15
2025/01/13 14:40:17 [emerg] 1#1: directive "location" has no opening "{" in /etc/nginx/conf.d/default.conf:15
2025/01/13 14:40:18 [emerg] 1#1: directive "location" has no opening "{" in /etc/nginx/conf.d/default.conf:15
2025/01/13 14:40:19 [emerg] 1#1: directive "location" has no opening "{" in /etc/nginx/conf.d/default.conf:15
2025/01/13 14:40:23 [emerg] 1#1: directive "location" has no opening "{" in /etc/nginx/conf.d/default.conf:15
2025/01/13 14:40:29 [emerg] 1#1: directive "location" has no opening "{" in /etc/nginx/conf.d/default.conf:15
2025/01/13 14:40:42 [emerg] 1#1: directive "location" has no opening "{" in /etc/nginx/conf.d/default.conf:15
2025/01/13 14:41:08 [emerg] 1#1: directive "location" has no opening "{" in /etc/nginx/conf.d/default.conf:15
2025/01/13 14:41:59 [emerg] 1#1: directive "location" has no opening "{" in /etc/nginx/conf.d/default.conf:15
2025/01/13 14:48:01 [emerg] 1#1: directive "location" has no opening "{" in /etc/nginx/conf.d/default.conf:15
2025/01/13 14:48:01 [emerg] 1#1: directive "location" has no opening "{" in /etc/nginx/conf.d/default.conf:15
2025/01/13 14:48:02 [emerg] 1#1: directive "location" has no opening "{" in /etc/nginx/conf.d/default.conf:15
2025/01/13 14:48:02 [emerg] 1#1: directive "location" has no opening "{" in /etc/nginx/conf.d/default.conf:15
2025/01/13 14:48:03 [emerg] 1#1: directive "location" has no opening "{" in /etc/nginx/conf.d/default.conf:15
2025/01/13 14:48:05 [emerg] 1#1: directive "location" has no opening "{" in /etc/nginx/conf.d/default.conf:15
2025/01/13 14:48:09 [emerg] 1#1: directive "location" has no opening "{" in /etc/nginx/conf.d/default.conf:15
2025/01/13 14:48:15 [emerg] 1#1: directive "location" has no opening "{" in /etc/nginx/conf.d/default.conf:15
2025/01/13 14:48:28 [emerg] 1#1: directive "location" has no opening "{" in /etc/nginx/conf.d/default.conf:15
2025/01/13 14:48:54 [emerg] 1#1: directive "location" has no opening "{" in /etc/nginx/conf.d/default.conf:15
2025/01/13 14:49:44 [emerg] 1#1: directive "location" has no opening "{" in /etc/nginx/conf.d/default.conf:15
2025/01/13 15:02:09 [emerg] 1#1: directive "location" has no opening "{" in /etc/nginx/conf.d/default.conf:15
2025/01/13 15:02:09 [emerg] 1#1: directive "location" has no opening "{" in /etc/nginx/conf.d/default.conf:15
2025/01/13 15:02:10 [emerg] 1#1: directive "location" has no opening "{" in /etc/nginx/conf.d/default.conf:15
2025/01/13 15:02:10 [emerg] 1#1: directive "location" has no opening "{" in /etc/nginx/conf.d/default.conf:15
2025/01/13 15:02:11 [emerg] 1#1: directive "location" has no opening "{" in /etc/nginx/conf.d/default.conf:15
2025/01/13 15:02:13 [emerg] 1#1: directive "location" has no opening "{" in /etc/nginx/conf.d/default.conf:15
2025/01/13 15:02:17 [emerg] 1#1: directive "location" has no opening "{" in /etc/nginx/conf.d/default.conf:15
2025/01/13 15:02:23 [emerg] 1#1: directive "location" has no opening "{" in /etc/nginx/conf.d/default.conf:15
2025/01/13 15:02:36 [emerg] 1#1: directive "location" has no opening "{" in /etc/nginx/conf.d/default.conf:15
2025/01/13 15:03:02 [emerg] 1#1: directive "location" has no opening "{" in /etc/nginx/conf.d/default.conf:15
2025/01/13 15:43:08 [notice] 1#1: using the "epoll" event method
2025/01/13 15:43:08 [notice] 1#1: nginx/1.25.5
2025/01/13 15:43:08 [notice] 1#1: built by gcc 13.2.1 20231014 (Alpine 13.2.1_git20231014) 
2025/01/13 15:43:08 [notice] 1#1: OS: Linux 5.15.167.4-microsoft-standard-WSL2
2025/01/13 15:43:08 [notice] 1#1: getrlimit(RLIMIT_NOFILE): 1048576:1048576
2025/01/13 15:43:08 [notice] 1#1: start worker processes
2025/01/13 15:43:08 [notice] 1#1: start worker process 29
2025/01/13 15:43:08 [notice] 1#1: start worker process 30
2025/01/13 15:43:08 [notice] 1#1: start worker process 31
2025/01/13 15:43:08 [notice] 1#1: start worker process 32
2025/01/13 15:43:08 [notice] 1#1: start worker process 33
2025/01/13 15:43:08 [notice] 1#1: start worker process 34
2025/01/13 15:43:08 [notice] 1#1: start worker process 35
2025/01/13 15:43:08 [notice] 1#1: start worker process 36
2025/01/13 15:43:08 [notice] 1#1: start worker process 37
2025/01/13 15:43:08 [notice] 1#1: start worker process 38
2025/01/13 15:43:08 [notice] 1#1: start worker process 39
2025/01/13 15:43:08 [notice] 1#1: start worker process 40
2025/01/13 15:43:08 [notice] 1#1: start worker process 41
2025/01/13 15:43:08 [notice] 1#1: start worker process 42
2025/01/13 15:43:08 [notice] 1#1: start worker process 43
2025/01/13 15:43:08 [notice] 1#1: start worker process 44
2025/01/13 15:43:08 [notice] 1#1: start worker process 45
2025/01/13 15:43:08 [notice] 1#1: start worker process 46
2025/01/13 15:43:08 [notice] 1#1: start worker process 47
2025/01/13 15:43:08 [notice] 1#1: start worker process 48
2025/01/13 15:44:49 [notice] 1#1: signal 3 (SIGQUIT) received, shutting down
2025/01/13 15:44:49 [notice] 29#29: gracefully shutting down
2025/01/13 15:44:49 [notice] 30#30: gracefully shutting down
2025/01/13 15:44:49 [notice] 31#31: gracefully shutting down
2025/01/13 15:44:49 [notice] 32#32: gracefully shutting down
2025/01/13 15:44:49 [notice] 33#33: gracefully shutting down
2025/01/13 15:44:49 [notice] 34#34: gracefully shutting down
2025/01/13 15:44:49 [notice] 35#35: gracefully shutting down
2025/01/13 15:44:49 [notice] 36#36: gracefully shutting down
2025/01/13 15:44:49 [notice] 37#37: gracefully shutting down
2025/01/13 15:44:49 [notice] 38#38: gracefully shutting down
2025/01/13 15:44:49 [notice] 39#39: gracefully shutting down
2025/01/13 15:44:49 [notice] 40#40: gracefully shutting down
2025/01/13 15:44:49 [notice] 41#41: gracefully shutting down
2025/01/13 15:44:49 [notice] 42#42: gracefully shutting down
2025/01/13 15:44:49 [notice] 43#43: gracefully shutting down
2025/01/13 15:44:49 [notice] 44#44: gracefully shutting down
2025/01/13 15:44:49 [notice] 45#45: gracefully shutting down
2025/01/13 15:44:49 [notice] 46#46: gracefully shutting down
2025/01/13 15:44:49 [notice] 47#47: gracefully shutting down
2025/01/13 15:44:49 [notice] 48#48: gracefully shutting down
2025/01/13 15:44:49 [notice] 29#29: exiting
2025/01/13 15:44:49 [notice] 30#30: exiting
2025/01/13 15:44:49 [notice] 29#29: exit
2025/01/13 15:44:49 [notice] 31#31: exiting
2025/01/13 15:44:49 [notice] 32#32: exiting
2025/01/13 15:44:49 [notice] 33#33: exiting
2025/01/13 15:44:49 [notice] 34#34: exiting
2025/01/13 15:44:49 [notice] 35#35: exiting
2025/01/13 15:44:49 [notice] 36#36: exiting
2025/01/13 15:44:49 [notice] 37#37: exiting
2025/01/13 15:44:49 [notice] 38#38: exiting
2025/01/13 15:44:49 [notice] 39#39: exiting
2025/01/13 15:44:49 [notice] 40#40: exiting
2025/01/13 15:44:49 [notice] 41#41: exiting
2025/01/13 15:44:49 [notice] 42#42: exiting
2025/01/13 15:44:49 [notice] 43#43: exiting
2025/01/13 15:44:49 [notice] 44#44: exiting
2025/01/13 15:44:49 [notice] 45#45: exiting
2025/01/13 15:44:49 [notice] 46#46: exiting
2025/01/13 15:44:49 [notice] 47#47: exiting
2025/01/13 15:44:49 [notice] 48#48: exiting
2025/01/13 15:44:49 [notice] 30#30: exit
2025/01/13 15:44:49 [notice] 31#31: exit
2025/01/13 15:44:49 [notice] 32#32: exit
2025/01/13 15:44:49 [notice] 33#33: exit
2025/01/13 15:44:49 [notice] 34#34: exit
2025/01/13 15:44:49 [notice] 35#35: exit
2025/01/13 15:44:49 [notice] 36#36: exit
2025/01/13 15:44:49 [notice] 37#37: exit
2025/01/13 15:44:49 [notice] 38#38: exit
2025/01/13 15:44:49 [notice] 39#39: exit
2025/01/13 15:44:49 [notice] 40#40: exit
2025/01/13 15:44:49 [notice] 41#41: exit
2025/01/13 15:44:49 [notice] 42#42: exit
2025/01/13 15:44:49 [notice] 43#43: exit
2025/01/13 15:44:49 [notice] 44#44: exit
2025/01/13 15:44:49 [notice] 45#45: exit
2025/01/13 15:44:49 [notice] 46#46: exit
2025/01/13 15:44:49 [notice] 47#47: exit
2025/01/13 15:44:49 [notice] 48#48: exit
2025/01/13 15:44:49 [notice] 1#1: signal 17 (SIGCHLD) received from 35
2025/01/13 15:44:49 [notice] 1#1: worker process 35 exited with code 0
2025/01/13 15:44:49 [notice] 1#1: worker process 40 exited with code 0
2025/01/13 15:44:49 [notice] 1#1: worker process 45 exited with code 0
2025/01/13 15:44:49 [notice] 1#1: worker process 46 exited with code 0
2025/01/13 15:44:49 [notice] 1#1: signal 29 (SIGIO) received
2025/01/13 15:44:49 [notice] 1#1: signal 17 (SIGCHLD) received from 45
2025/01/13 15:44:49 [notice] 1#1: signal 17 (SIGCHLD) received from 37
2025/01/13 15:44:49 [notice] 1#1: worker process 29 exited with code 0
2025/01/13 15:44:49 [notice] 1#1: worker process 30 exited with code 0
2025/01/13 15:44:49 [notice] 1#1: worker process 31 exited with code 0
2025/01/13 15:44:49 [notice] 1#1: worker process 32 exited with code 0
2025/01/13 15:44:49 [notice] 1#1: worker process 33 exited with code 0
2025/01/13 15:44:49 [notice] 1#1: worker process 36 exited with code 0
2025/01/13 15:44:49 [notice] 1#1: worker process 37 exited with code 0
2025/01/13 15:44:49 [notice] 1#1: worker process 38 exited with code 0
2025/01/13 15:44:49 [notice] 1#1: worker process 39 exited with code 0
2025/01/13 15:44:49 [notice] 1#1: worker process 41 exited with code 0
2025/01/13 15:44:49 [notice] 1#1: worker process 43 exited with code 0
2025/01/13 15:44:49 [notice] 1#1: worker process 44 exited with code 0
2025/01/13 15:44:49 [notice] 1#1: worker process 47 exited with code 0
2025/01/13 15:44:49 [notice] 1#1: signal 29 (SIGIO) received
2025/01/13 15:44:49 [notice] 1#1: signal 17 (SIGCHLD) received from 39
2025/01/13 15:44:49 [notice] 1#1: signal 17 (SIGCHLD) received from 48
2025/01/13 15:44:49 [notice] 1#1: worker process 48 exited with code 0
2025/01/13 15:44:49 [notice] 1#1: signal 29 (SIGIO) received
2025/01/13 15:44:49 [notice] 1#1: signal 17 (SIGCHLD) received from 34
2025/01/13 15:44:49 [notice] 1#1: worker process 34 exited with code 0
2025/01/13 15:44:49 [notice] 1#1: worker process 42 exited with code 0
2025/01/13 15:44:49 [notice] 1#1: exit
2025/01/13 15:49:56 [notice] 1#1: using the "epoll" event method
2025/01/13 15:49:56 [notice] 1#1: nginx/1.25.5
2025/01/13 15:49:56 [notice] 1#1: built by gcc 13.2.1 20231014 (Alpine 13.2.1_git20231014) 
2025/01/13 15:49:56 [notice] 1#1: OS: Linux 5.15.167.4-microsoft-standard-WSL2
2025/01/13 15:49:56 [notice] 1#1: getrlimit(RLIMIT_NOFILE): 1048576:1048576
2025/01/13 15:49:56 [notice] 1#1: start worker processes
2025/01/13 15:49:56 [notice] 1#1: start worker process 29
2025/01/13 15:49:56 [notice] 1#1: start worker process 30
2025/01/13 15:49:56 [notice] 1#1: start worker process 31
2025/01/13 15:49:56 [notice] 1#1: start worker process 32
2025/01/13 15:49:56 [notice] 1#1: start worker process 33
2025/01/13 15:49:56 [notice] 1#1: start worker process 34
2025/01/13 15:49:56 [notice] 1#1: start worker process 35
2025/01/13 15:49:56 [notice] 1#1: start worker process 36
2025/01/13 15:49:56 [notice] 1#1: start worker process 37
2025/01/13 15:49:56 [notice] 1#1: start worker process 38
2025/01/13 15:49:56 [notice] 1#1: start worker process 39
2025/01/13 15:49:56 [notice] 1#1: start worker process 40
2025/01/13 15:49:56 [notice] 1#1: start worker process 41
2025/01/13 15:49:56 [notice] 1#1: start worker process 42
2025/01/13 15:49:56 [notice] 1#1: start worker process 43
2025/01/13 15:49:56 [notice] 1#1: start worker process 44
2025/01/13 15:49:56 [notice] 1#1: start worker process 45
2025/01/13 15:49:56 [notice] 1#1: start worker process 46
2025/01/13 15:49:56 [notice] 1#1: start worker process 47
2025/01/13 15:49:56 [notice] 1#1: start worker process 48
2025/01/13 15:56:30 [notice] 1#1: signal 3 (SIGQUIT) received, shutting down
2025/01/13 15:56:30 [notice] 29#29: gracefully shutting down
2025/01/13 15:56:30 [notice] 30#30: gracefully shutting down
2025/01/13 15:56:30 [notice] 31#31: gracefully shutting down
2025/01/13 15:56:30 [notice] 34#34: gracefully shutting down
2025/01/13 15:56:30 [notice] 32#32: gracefully shutting down
2025/01/13 15:56:30 [notice] 33#33: gracefully shutting down
2025/01/13 15:56:30 [notice] 35#35: gracefully shutting down
2025/01/13 15:56:30 [notice] 36#36: gracefully shutting down
2025/01/13 15:56:30 [notice] 37#37: gracefully shutting down
2025/01/13 15:56:30 [notice] 38#38: gracefully shutting down
2025/01/13 15:56:30 [notice] 40#40: gracefully shutting down
2025/01/13 15:56:30 [notice] 39#39: gracefully shutting down
2025/01/13 15:56:30 [notice] 41#41: gracefully shutting down
2025/01/13 15:56:30 [notice] 42#42: gracefully shutting down
2025/01/13 15:56:30 [notice] 43#43: gracefully shutting down
2025/01/13 15:56:30 [notice] 44#44: gracefully shutting down
2025/01/13 15:56:30 [notice] 45#45: gracefully shutting down
2025/01/13 15:56:30 [notice] 46#46: gracefully shutting down
2025/01/13 15:56:30 [notice] 47#47: gracefully shutting down
2025/01/13 15:56:30 [notice] 48#48: gracefully shutting down
2025/01/13 15:56:30 [notice] 29#29: exiting
2025/01/13 15:56:30 [notice] 30#30: exiting
2025/01/13 15:56:30 [notice] 31#31: exiting
2025/01/13 15:56:30 [notice] 34#34: exiting
2025/01/13 15:56:30 [notice] 32#32: exiting
2025/01/13 15:56:30 [notice] 33#33: exiting
2025/01/13 15:56:30 [notice] 35#35: exiting
2025/01/13 15:56:30 [notice] 36#36: exiting
2025/01/13 15:56:30 [notice] 37#37: exiting
2025/01/13 15:56:30 [notice] 38#38: exiting
2025/01/13 15:56:30 [notice] 40#40: exiting
2025/01/13 15:56:30 [notice] 39#39: exiting
2025/01/13 15:56:30 [notice] 41#41: exiting
2025/01/13 15:56:30 [notice] 42#42: exiting
2025/01/13 15:56:30 [notice] 43#43: exiting
2025/01/13 15:56:30 [notice] 44#44: exiting
2025/01/13 15:56:30 [notice] 45#45: exiting
2025/01/13 15:56:30 [notice] 46#46: exiting
2025/01/13 15:56:30 [notice] 47#47: exiting
2025/01/13 15:56:30 [notice] 48#48: exiting
2025/01/13 15:56:30 [notice] 29#29: exit
2025/01/13 15:56:30 [notice] 30#30: exit
2025/01/13 15:56:30 [notice] 31#31: exit
2025/01/13 15:56:30 [notice] 34#34: exit
2025/01/13 15:56:30 [notice] 32#32: exit
2025/01/13 15:56:30 [notice] 33#33: exit
2025/01/13 15:56:30 [notice] 35#35: exit
2025/01/13 15:56:30 [notice] 36#36: exit
2025/01/13 15:56:30 [notice] 37#37: exit
2025/01/13 15:56:30 [notice] 38#38: exit
2025/01/13 15:56:30 [notice] 40#40: exit
2025/01/13 15:56:30 [notice] 39#39: exit
2025/01/13 15:56:30 [notice] 41#41: exit
2025/01/13 15:56:30 [notice] 42#42: exit
2025/01/13 15:56:30 [notice] 43#43: exit
2025/01/13 15:56:30 [notice] 44#44: exit
2025/01/13 15:56:30 [notice] 45#45: exit
2025/01/13 15:56:30 [notice] 46#46: exit
2025/01/13 15:56:30 [notice] 47#47: exit
2025/01/13 15:56:30 [notice] 48#48: exit
2025/01/13 15:56:30 [notice] 1#1: signal 17 (SIGCHLD) received from 37
2025/01/13 15:56:30 [notice] 1#1: worker process 29 exited with code 0
2025/01/13 15:56:30 [notice] 1#1: worker process 30 exited with code 0
2025/01/13 15:56:30 [notice] 1#1: worker process 31 exited with code 0
2025/01/13 15:56:30 [notice] 1#1: worker process 33 exited with code 0
2025/01/13 15:56:30 [notice] 1#1: worker process 34 exited with code 0
2025/01/13 15:56:30 [notice] 1#1: worker process 36 exited with code 0
2025/01/13 15:56:30 [notice] 1#1: worker process 37 exited with code 0
2025/01/13 15:56:30 [notice] 1#1: worker process 38 exited with code 0
2025/01/13 15:56:30 [notice] 1#1: worker process 39 exited with code 0
2025/01/13 15:56:30 [notice] 1#1: worker process 40 exited with code 0
2025/01/13 15:56:30 [notice] 1#1: worker process 41 exited with code 0
2025/01/13 15:56:30 [notice] 1#1: worker process 42 exited with code 0
2025/01/13 15:56:30 [notice] 1#1: worker process 43 exited with code 0
2025/01/13 15:56:30 [notice] 1#1: worker process 44 exited with code 0
2025/01/13 15:56:30 [notice] 1#1: worker process 45 exited with code 0
2025/01/13 15:56:30 [notice] 1#1: worker process 46 exited with code 0
2025/01/13 15:56:30 [notice] 1#1: worker process 47 exited with code 0
2025/01/13 15:56:30 [notice] 1#1: worker process 48 exited with code 0
2025/01/13 15:56:30 [notice] 1#1: signal 29 (SIGIO) received
2025/01/13 15:56:30 [notice] 1#1: signal 17 (SIGCHLD) received from 34
2025/01/13 15:56:30 [notice] 1#1: signal 17 (SIGCHLD) received from 32
2025/01/13 15:56:30 [notice] 1#1: worker process 32 exited with code 0
2025/01/13 15:56:30 [notice] 1#1: worker process 35 exited with code 0
2025/01/13 15:56:30 [notice] 1#1: exit
